<?xml version="1.0" encoding="UTF-8"?>
<testsuite name="com.reliaquest.api.service.EmployeeServiceImplTest" tests="1" skipped="0" failures="0" errors="0" timestamp="2025-11-03T17:44:10" hostname="Ahsans-MacBook-Air.local" time="9.916">
  <properties/>
  <testcase name="testDeleteEmployeeByName_ExistingId_DeletesAndReturnsTrue()" classname="com.reliaquest.api.service.EmployeeServiceImplTest" time="9.916"/>
  <system-out><![CDATA[]]></system-out>
  <system-err><![CDATA[]]></system-err>
</testsuite>
